drylining/build/outputs/logs/manifest-merger-release-report.txt
-- Merging decision tree log ---
manifest
ADDED from src\main\AndroidManifest.xml:2:1-246:12
INJECTED from src\main\AndroidManifest.xml:2:1-246:12
INJECTED from src\main\AndroidManifest.xml:2:1-246:12
INJECTED from src\main\AndroidManifest.xml:2:1-246:12
MERGED from [com.android.support:design:27.1.1] AndroidManifest.xml:17:1-22:12
MERGED from [com.github.adhishlal:gifloader:1.1] AndroidManifest.xml:2:1-17:12
MERGED from [com.crystal:crystalrangeseekbar:1.1.1] AndroidManifest.xml:2:1-17:12
MERGED from [jp.wasabeef:recyclerview-animators:2.2.6] AndroidManifest.xml:2:1-12:12
MERGED from [com.github.alahammad:android-OTP-View:1.0.2] AndroidManifest.xml:2:1-11:12
MERGED from [com.mukesh:otpview:1.0.1] AndroidManifest.xml:2:1-12:12
MERGED from [com.android.support:appcompat-v7:27.1.1] AndroidManifest.xml:17:1-22:12
MERGED from [com.android.support:cardview-v7:27.1.1] AndroidManifest.xml:17:1-22:12
MERGED from [com.quickblox:quickblox-android-sdk-messages:3.8.1] AndroidManifest.xml:2:1-26:12
MERGED from [com.quickblox:chat-message-adapter:2.0] AndroidManifest.xml:2:1-18:12
MERGED from [com.google.firebase:firebase-messaging:12.0.1] AndroidManifest.xml:17:1-37:12
MERGED from [com.google.firebase:firebase-crash:12.0.1] AndroidManifest.xml:17:1-27:12
MERGED from [com.google.firebase:firebase-core:12.0.1] AndroidManifest.xml:2:1-6:12
MERGED from [com.google.firebase:firebase-analytics:12.0.1] AndroidManifest.xml:17:1-54:12
MERGED from [com.google.firebase:firebase-analytics-impl:12.0.1] AndroidManifest.xml:17:1-40:12
MERGED from [com.google.firebase:firebase-iid:12.0.1] AndroidManifest.xml:17:1-59:12
MERGED from [com.google.firebase:firebase-common:12.0.1] AndroidManifest.xml:2:1-15:12
MERGED from [com.google.android.gms:play-services-gcm:12.0.1] AndroidManifest.xml:17:1-28:12
MERGED from [com.google.android.gms:play-services-iid:12.0.1] AndroidManifest.xml:17:1-28:12
MERGED from [com.google.android.gms:play-services-base:12.0.1] AndroidManifest.xml:17:1-29:12
MERGED from [com.google.android.gms:play-services-tasks:12.0.1] AndroidManifest.xml:2:1-9:12
MERGED from [com.google.android.gms:play-services-basement:12.0.1] AndroidManifest.xml:17:1-28:12
MERGED from [com.android.support:support-v4:27.1.1] AndroidManifest.xml:17:1-22:12
MERGED from [com.squareup.picasso:picasso:2.71828] AndroidManifest.xml:2:1-14:12
MERGED from [com.android.support:recyclerview-v7:27.1.1] AndroidManifest.xml:17:1-22:12
MERGED from [com.android.support.constraint:constraint-layout:1.1.0] AndroidManifest.xml:2:1-11:12
MERGED from [com.quickblox:quickblox-android-sdk-chat:3.8.1] AndroidManifest.xml:2:1-14:12
MERGED from [com.quickblox:quickblox-android-sdk-content:3.8.1] AndroidManifest.xml:2:1-12:12
MERGED from [com.timehop.stickyheadersrecyclerview:library:0.4.2] AndroidManifest.xml:2:1-14:12
MERGED from [com.github.orangegangsters:swipy:1.2.3] AndroidManifest.xml:2:1-14:12
MERGED from [com.github.johnkil.android-robototextview:robototextview:4.0.0] AndroidManifest.xml:2:1-10:12
MERGED from [com.quickblox:quickblox-android-sdk-core:3.8.1] AndroidManifest.xml:2:1-10:12
MERGED from [com.android.support:multidex:1.0.3] AndroidManifest.xml:17:1-22:12
MERGED from [com.crashlytics.sdk.android:crashlytics:2.9.8] AndroidManifest.xml:2:1-19:12
MERGED from [com.android.support:transition:27.1.1] AndroidManifest.xml:17:1-22:12
MERGED from [com.android.support:support-fragment:27.1.1] AndroidManifest.xml:17:1-22:12
MERGED from [com.android.support:animated-vector-drawable:27.1.1] AndroidManifest.xml:17:1-22:12
MERGED from [com.android.support:support-vector-drawable:27.1.1] AndroidManifest.xml:17:1-22:12
MERGED from [com.android.support:support-core-ui:27.1.1] AndroidManifest.xml:17:1-22:12
MERGED from [com.android.support:support-media-compat:27.1.1] AndroidManifest.xml:17:1-22:12
MERGED from [com.google.android.exoplayer:exoplayer:r2.5.1] AndroidManifest.xml:17:1-25:12
MERGED from [com.google.android.exoplayer:exoplayer-dash:r2.5.1] AndroidManifest.xml:17:1-25:12
MERGED from [com.android.support:support-core-utils:27.1.1] AndroidManifest.xml:17:1-22:12
MERGED from [com.android.support:support-compat:27.1.1] AndroidManifest.xml:17:1-22:12
MERGED from [com.android.support:exifinterface:27.1.0] AndroidManifest.xml:17:1-22:12
MERGED from [com.google.android.exoplayer:exoplayer-hls:r2.5.1] AndroidManifest.xml:17:1-25:12
MERGED from [com.google.android.exoplayer:exoplayer-smoothstreaming:r2.5.1] AndroidManifest.xml:17:1-25:12
MERGED from [com.google.android.exoplayer:exoplayer-ui:r2.5.1] AndroidManifest.xml:17:1-25:12
MERGED from [com.google.android.exoplayer:exoplayer-core:r2.5.1] AndroidManifest.xml:17:1-25:12
MERGED from [com.google.firebase:firebase-messaging-license:12.0.1] AndroidManifest.xml:17:1-24:12
MERGED from [de.hdodenhof:circleimageview:2.1.0] AndroidManifest.xml:2:1-11:12
MERGED from [com.google.firebase:firebase-crash-license:12.0.1] AndroidManifest.xml:17:1-24:12
MERGED from [com.crashlytics.sdk.android:beta:1.2.10] AndroidManifest.xml:2:1-13:12
MERGED from [com.crashlytics.sdk.android:crashlytics-core:2.6.7] AndroidManifest.xml:45:1-56:12
MERGED from [com.crashlytics.sdk.android:answers:1.4.6] AndroidManifest.xml:2:1-13:12
MERGED from [io.fabric.sdk.android:fabric:1.4.7] AndroidManifest.xml:22:1-33:12
MERGED from [android.arch.lifecycle:runtime:1.1.0] AndroidManifest.xml:17:1-22:12
MERGED from [com.google.firebase:firebase-iid-license:12.0.1] AndroidManifest.xml:17:1-24:12
MERGED from [com.google.android.gms:play-services-basement-license:12.0.1] AndroidManifest.xml:17:1-24:12
MERGED from [com.google.firebase:firebase-common-license:12.0.1] AndroidManifest.xml:17:1-24:12
MERGED from [com.google.android.gms:play-services-gcm-license:12.0.1] AndroidManifest.xml:17:1-24:12
MERGED from [com.google.firebase:firebase-analytics-license:12.0.1] AndroidManifest.xml:17:1-24:12
MERGED from [android.arch.lifecycle:livedata-core:1.1.0] AndroidManifest.xml:17:1-22:12
MERGED from [android.arch.core:runtime:1.1.0] AndroidManifest.xml:17:1-22:12
MERGED from [com.google.android.gms:play-services-tasks-license:12.0.1] AndroidManifest.xml:17:1-24:12
MERGED from [com.google.android.gms:play-services-base-license:12.0.1] AndroidManifest.xml:17:1-24:12
MERGED from [com.google.android.gms:play-services-iid-license:12.0.1] AndroidManifest.xml:17:1-24:12
MERGED from [com.google.firebase:firebase-analytics-impl-license:12.0.1] AndroidManifest.xml:17:1-24:12
MERGED from [android.arch.lifecycle:viewmodel:1.1.0] AndroidManifest.xml:17:1-22:12
INJECTED from src\main\AndroidManifest.xml:2:1-246:12
INJECTED from src\main\AndroidManifest.xml:2:1-246:12
INJECTED from src\main\AndroidManifest.xml:2:1-246:12
	package
		ADDED from src\main\AndroidManifest.xml:3:5-32
		INJECTED from src\main\AndroidManifest.xml
		INJECTED from src\main\AndroidManifest.xml
	android:versionName
		INJECTED from src\main\AndroidManifest.xml
		ADDED from src\main\AndroidManifest.xml:2:1-246:12
		INJECTED from src\main\AndroidManifest.xml
	android:versionCode
		INJECTED from src\main\AndroidManifest.xml
		ADDED from src\main\AndroidManifest.xml:2:1-246:12
		INJECTED from src\main\AndroidManifest.xml
	xmlns:android
		ADDED from src\main\AndroidManifest.xml:2:11-69
uses-permission#android.permission.INTERNET
ADDED from src\main\AndroidManifest.xml:5:5-67
MERGED from [com.google.firebase:firebase-crash:12.0.1] AndroidManifest.xml:22:5-67
MERGED from [com.google.firebase:firebase-crash:12.0.1] AndroidManifest.xml:22:5-67
MERGED from [com.google.firebase:firebase-analytics:12.0.1] AndroidManifest.xml:23:5-67
MERGED from [com.google.firebase:firebase-analytics:12.0.1] AndroidManifest.xml:23:5-67
MERGED from [com.google.firebase:firebase-analytics-impl:12.0.1] AndroidManifest.xml:23:5-67
MERGED from [com.google.firebase:firebase-analytics-impl:12.0.1] AndroidManifest.xml:23:5-67
MERGED from [com.google.firebase:firebase-iid:12.0.1] AndroidManifest.xml:23:5-67
MERGED from [com.google.firebase:firebase-iid:12.0.1] AndroidManifest.xml:23:5-67
MERGED from [com.google.android.gms:play-services-gcm:12.0.1] AndroidManifest.xml:24:5-67
MERGED from [com.google.android.gms:play-services-gcm:12.0.1] AndroidManifest.xml:24:5-67
MERGED from [com.google.android.gms:play-services-iid:12.0.1] AndroidManifest.xml:24:5-67
MERGED from [com.google.android.gms:play-services-iid:12.0.1] AndroidManifest.xml:24:5-67
MERGED from [com.quickblox:quickblox-android-sdk-chat:3.8.1] AndroidManifest.xml:11:5-67
MERGED from [com.quickblox:quickblox-android-sdk-chat:3.8.1] AndroidManifest.xml:11:5-67
MERGED from [com.quickblox:quickblox-android-sdk-content:3.8.1] AndroidManifest.xml:10:5-67
MERGED from [com.quickblox:quickblox-android-sdk-content:3.8.1] AndroidManifest.xml:10:5-67
MERGED from [com.crashlytics.sdk.android:crashlytics:2.9.8] AndroidManifest.xml:9:5-67
MERGED from [com.crashlytics.sdk.android:crashlytics:2.9.8] AndroidManifest.xml:9:5-67
MERGED from [com.crashlytics.sdk.android:beta:1.2.10] AndroidManifest.xml:9:5-67
MERGED from [com.crashlytics.sdk.android:beta:1.2.10] AndroidManifest.xml:9:5-67
MERGED from [com.crashlytics.sdk.android:crashlytics-core:2.6.7] AndroidManifest.xml:52:5-67
MERGED from [com.crashlytics.sdk.android:crashlytics-core:2.6.7] AndroidManifest.xml:52:5-67
MERGED from [com.crashlytics.sdk.android:answers:1.4.6] AndroidManifest.xml:9:5-67
MERGED from [com.crashlytics.sdk.android:answers:1.4.6] AndroidManifest.xml:9:5-67
MERGED from [io.fabric.sdk.android:fabric:1.4.7] AndroidManifest.xml:29:5-67
MERGED from [io.fabric.sdk.android:fabric:1.4.7] AndroidManifest.xml:29:5-67
	android:name
		ADDED from src\main\AndroidManifest.xml:5:22-64
uses-permission#android.permission.WAKE_LOCK
ADDED from src\main\AndroidManifest.xml:6:5-68
MERGED from [com.google.firebase:firebase-analytics:12.0.1] AndroidManifest.xml:25:5-68
MERGED from [com.google.firebase:firebase-analytics:12.0.1] AndroidManifest.xml:25:5-68
MERGED from [com.google.firebase:firebase-analytics-impl:12.0.1] AndroidManifest.xml:25:5-68
MERGED from [com.google.firebase:firebase-analytics-impl:12.0.1] AndroidManifest.xml:25:5-68
MERGED from [com.google.firebase:firebase-iid:12.0.1] AndroidManifest.xml:24:5-68
MERGED from [com.google.firebase:firebase-iid:12.0.1] AndroidManifest.xml:24:5-68
	android:name
		ADDED from src\main\AndroidManifest.xml:6:22-65
uses-permission#android.permission.ACCESS_COARSE_LOCATION
ADDED from src\main\AndroidManifest.xml:7:5-81
	android:name
		ADDED from src\main\AndroidManifest.xml:7:22-78
uses-permission#android.permission.ACCESS_FINE_LOCATION
ADDED from src\main\AndroidManifest.xml:8:5-79
	android:name
		ADDED from src\main\AndroidManifest.xml:8:22-76
uses-permission#android.permission.WRITE_EXTERNAL_STORAGE
ADDED from src\main\AndroidManifest.xml:9:5-81
	android:name
		ADDED from src\main\AndroidManifest.xml:9:22-78
uses-permission#android.permission.READ_EXTERNAL_STORAGE
ADDED from src\main\AndroidManifest.xml:10:5-80
	android:name
		ADDED from src\main\AndroidManifest.xml:10:22-77
uses-permission#android.permission.CAMERA
ADDED from src\main\AndroidManifest.xml:11:5-65
	android:name
		ADDED from src\main\AndroidManifest.xml:11:22-62
uses-permission#android.permission.ACCESS_NETWORK_STATE
ADDED from src\main\AndroidManifest.xml:12:5-14:36
MERGED from [com.google.firebase:firebase-analytics:12.0.1] AndroidManifest.xml:24:5-79
MERGED from [com.google.firebase:firebase-analytics:12.0.1] AndroidManifest.xml:24:5-79
MERGED from [com.google.firebase:firebase-analytics-impl:12.0.1] AndroidManifest.xml:24:5-79
MERGED from [com.google.firebase:firebase-analytics-impl:12.0.1] AndroidManifest.xml:24:5-79
MERGED from [com.google.firebase:firebase-iid:12.0.1] AndroidManifest.xml:22:5-79
MERGED from [com.google.firebase:firebase-iid:12.0.1] AndroidManifest.xml:22:5-79
MERGED from [com.quickblox:quickblox-android-sdk-chat:3.8.1] AndroidManifest.xml:12:5-79
MERGED from [com.quickblox:quickblox-android-sdk-chat:3.8.1] AndroidManifest.xml:12:5-79
	android:required
		ADDED from src\main\AndroidManifest.xml:14:9-33
	android:name
		ADDED from src\main\AndroidManifest.xml:13:9-63
uses-permission#android.permission.VIBRATE
ADDED from src\main\AndroidManifest.xml:15:5-17:36
	android:required
		ADDED from src\main\AndroidManifest.xml:17:9-33
	android:name
		ADDED from src\main\AndroidManifest.xml:16:9-50
application
ADDED from src\main\AndroidManifest.xml:19:5-244:19
MERGED from [com.github.adhishlal:gifloader:1.1] AndroidManifest.xml:11:5-15:19
MERGED from [com.github.adhishlal:gifloader:1.1] AndroidManifest.xml:11:5-15:19
MERGED from [com.crystal:crystalrangeseekbar:1.1.1] AndroidManifest.xml:11:5-15:19
MERGED from [com.crystal:crystalrangeseekbar:1.1.1] AndroidManifest.xml:11:5-15:19
MERGED from [com.quickblox:quickblox-android-sdk-messages:3.8.1] AndroidManifest.xml:10:5-24:19
MERGED from [com.quickblox:quickblox-android-sdk-messages:3.8.1] AndroidManifest.xml:10:5-24:19
MERGED from [com.quickblox:chat-message-adapter:2.0] AndroidManifest.xml:9:5-16:19
MERGED from [com.quickblox:chat-message-adapter:2.0] AndroidManifest.xml:9:5-16:19
MERGED from [com.google.firebase:firebase-messaging:12.0.1] AndroidManifest.xml:22:5-35:19
MERGED from [com.google.firebase:firebase-messaging:12.0.1] AndroidManifest.xml:22:5-35:19
MERGED from [com.google.firebase:firebase-crash:12.0.1] AndroidManifest.xml:24:5-25:19
MERGED from [com.google.firebase:firebase-crash:12.0.1] AndroidManifest.xml:24:5-25:19
MERGED from [com.google.firebase:firebase-core:12.0.1] AndroidManifest.xml:5:5-20
MERGED from [com.google.firebase:firebase-core:12.0.1] AndroidManifest.xml:5:5-20
MERGED from [com.google.firebase:firebase-analytics:12.0.1] AndroidManifest.xml:27:5-52:19
MERGED from [com.google.firebase:firebase-analytics:12.0.1] AndroidManifest.xml:27:5-52:19
MERGED from [com.google.firebase:firebase-analytics-impl:12.0.1] AndroidManifest.xml:27:5-38:19
MERGED from [com.google.firebase:firebase-analytics-impl:12.0.1] AndroidManifest.xml:27:5-38:19
MERGED from [com.google.firebase:firebase-iid:12.0.1] AndroidManifest.xml:34:5-57:19
MERGED from [com.google.firebase:firebase-iid:12.0.1] AndroidManifest.xml:34:5-57:19
MERGED from [com.google.firebase:firebase-common:12.0.1] AndroidManifest.xml:7:5-13:19
MERGED from [com.google.firebase:firebase-common:12.0.1] AndroidManifest.xml:7:5-13:19
MERGED from [com.google.android.gms:play-services-gcm:12.0.1] AndroidManifest.xml:26:5-20
MERGED from [com.google.android.gms:play-services-gcm:12.0.1] AndroidManifest.xml:26:5-20
MERGED from [com.google.android.gms:play-services-iid:12.0.1] AndroidManifest.xml:26:5-20
MERGED from [com.google.android.gms:play-services-iid:12.0.1] AndroidManifest.xml:26:5-20
MERGED from [com.google.android.gms:play-services-base:12.0.1] AndroidManifest.xml:22:5-27:19
MERGED from [com.google.android.gms:play-services-base:12.0.1] AndroidManifest.xml:22:5-27:19
MERGED from [com.google.android.gms:play-services-tasks:12.0.1] AndroidManifest.xml:7:5-20
MERGED from [com.google.android.gms:play-services-tasks:12.0.1] AndroidManifest.xml:7:5-20
MERGED from [com.google.android.gms:play-services-basement:12.0.1] AndroidManifest.xml:22:5-26:19
MERGED from [com.google.android.gms:play-services-basement:12.0.1] AndroidManifest.xml:22:5-26:19
MERGED from [com.squareup.picasso:picasso:2.71828] AndroidManifest.xml:7:5-12:19
MERGED from [com.squareup.picasso:picasso:2.71828] AndroidManifest.xml:7:5-12:19
MERGED from [com.android.support.constraint:constraint-layout:1.1.0] AndroidManifest.xml:9:5-20
MERGED from [com.android.support.constraint:constraint-layout:1.1.0] AndroidManifest.xml:9:5-20
MERGED from [com.timehop.stickyheadersrecyclerview:library:0.4.2] AndroidManifest.xml:12:5-20
MERGED from [com.timehop.stickyheadersrecyclerview:library:0.4.2] AndroidManifest.xml:12:5-20
MERGED from [com.github.orangegangsters:swipy:1.2.3] AndroidManifest.xml:11:5-12:19
MERGED from [com.github.orangegangsters:swipy:1.2.3] AndroidManifest.xml:11:5-12:19
MERGED from [com.github.johnkil.android-robototextview:robototextview:4.0.0] AndroidManifest.xml:8:5-20
MERGED from [com.github.johnkil.android-robototextview:robototextview:4.0.0] AndroidManifest.xml:8:5-20
MERGED from [com.crashlytics.sdk.android:crashlytics:2.9.8] AndroidManifest.xml:11:5-17:19
MERGED from [com.crashlytics.sdk.android:crashlytics:2.9.8] AndroidManifest.xml:11:5-17:19
MERGED from [com.google.firebase:firebase-messaging-license:12.0.1] AndroidManifest.xml:22:5-20
MERGED from [com.google.firebase:firebase-messaging-license:12.0.1] AndroidManifest.xml:22:5-20
MERGED from [de.hdodenhof:circleimageview:2.1.0] AndroidManifest.xml:9:5-20
MERGED from [de.hdodenhof:circleimageview:2.1.0] AndroidManifest.xml:9:5-20
MERGED from [com.google.firebase:firebase-crash-license:12.0.1] AndroidManifest.xml:22:5-20
MERGED from [com.google.firebase:firebase-crash-license:12.0.1] AndroidManifest.xml:22:5-20
MERGED from [com.crashlytics.sdk.android:beta:1.2.10] AndroidManifest.xml:11:5-20
MERGED from [com.crashlytics.sdk.android:beta:1.2.10] AndroidManifest.xml:11:5-20
MERGED from [com.crashlytics.sdk.android:crashlytics-core:2.6.7] AndroidManifest.xml:54:5-20
MERGED from [com.crashlytics.sdk.android:crashlytics-core:2.6.7] AndroidManifest.xml:54:5-20
MERGED from [com.crashlytics.sdk.android:answers:1.4.6] AndroidManifest.xml:11:5-20
MERGED from [com.crashlytics.sdk.android:answers:1.4.6] AndroidManifest.xml:11:5-20
MERGED from [io.fabric.sdk.android:fabric:1.4.7] AndroidManifest.xml:31:5-20
MERGED from [io.fabric.sdk.android:fabric:1.4.7] AndroidManifest.xml:31:5-20
MERGED from [com.google.firebase:firebase-iid-license:12.0.1] AndroidManifest.xml:22:5-20
MERGED from [com.google.firebase:firebase-iid-license:12.0.1] AndroidManifest.xml:22:5-20
MERGED from [com.google.android.gms:play-services-basement-license:12.0.1] AndroidManifest.xml:22:5-20
MERGED from [com.google.android.gms:play-services-basement-license:12.0.1] AndroidManifest.xml:22:5-20
MERGED from [com.google.firebase:firebase-common-license:12.0.1] AndroidManifest.xml:22:5-20
MERGED from [com.google.firebase:firebase-common-license:12.0.1] AndroidManifest.xml:22:5-20
MERGED from [com.google.android.gms:play-services-gcm-license:12.0.1] AndroidManifest.xml:22:5-20
MERGED from [com.google.android.gms:play-services-gcm-license:12.0.1] AndroidManifest.xml:22:5-20
MERGED from [com.google.firebase:firebase-analytics-license:12.0.1] AndroidManifest.xml:22:5-20
MERGED from [com.google.firebase:firebase-analytics-license:12.0.1] AndroidManifest.xml:22:5-20
MERGED from [com.google.android.gms:play-services-tasks-license:12.0.1] AndroidManifest.xml:22:5-20
MERGED from [com.google.android.gms:play-services-tasks-license:12.0.1] AndroidManifest.xml:22:5-20
MERGED from [com.google.android.gms:play-services-base-license:12.0.1] AndroidManifest.xml:22:5-20
MERGED from [com.google.android.gms:play-services-base-license:12.0.1] AndroidManifest.xml:22:5-20
MERGED from [com.google.android.gms:play-services-iid-license:12.0.1] AndroidManifest.xml:22:5-20
MERGED from [com.google.android.gms:play-services-iid-license:12.0.1] AndroidManifest.xml:22:5-20
MERGED from [com.google.firebase:firebase-analytics-impl-license:12.0.1] AndroidManifest.xml:22:5-20
MERGED from [com.google.firebase:firebase-analytics-impl-license:12.0.1] AndroidManifest.xml:22:5-20
	android:supportsRtl
		ADDED from [com.github.adhishlal:gifloader:1.1] AndroidManifest.xml:14:9-35
	android:label
		ADDED from src\main\AndroidManifest.xml:23:9-41
	android:largeHeap
		ADDED from src\main\AndroidManifest.xml:24:9-33
	android:icon
		ADDED from src\main\AndroidManifest.xml:22:9-43
	android:allowBackup
		ADDED from src\main\AndroidManifest.xml:21:9-35
	android:theme
		ADDED from src\main\AndroidManifest.xml:25:9-40
	android:name
		ADDED from src\main\AndroidManifest.xml:20:9-34
meta-data#asset_statements
ADDED from src\main\AndroidManifest.xml:27:9-29:59
	android:resource
		ADDED from src\main\AndroidManifest.xml:29:13-56
	android:name
		ADDED from src\main\AndroidManifest.xml:28:13-44
activity#com.app.drylining.SplashActivity
ADDED from src\main\AndroidManifest.xml:31:9-39:20
	android:screenOrientation
		ADDED from src\main\AndroidManifest.xml:33:13-49
	android:name
		ADDED from src\main\AndroidManifest.xml:32:13-43
intent-filter#action:name:android.intent.action.MAIN+category:name:android.intent.category.LAUNCHER
ADDED from src\main\AndroidManifest.xml:34:13-38:29
action#android.intent.action.MAIN
ADDED from src\main\AndroidManifest.xml:35:17-69
	android:name
		ADDED from src\main\AndroidManifest.xml:35:25-66
category#android.intent.category.LAUNCHER
ADDED from src\main\AndroidManifest.xml:37:17-77
	android:name
		ADDED from src\main\AndroidManifest.xml:37:27-74
activity#com.app.drylining.ui.MainActivity
ADDED from src\main\AndroidManifest.xml:42:9-45:57
	android:windowSoftInputMode
		ADDED from src\main\AndroidManifest.xml:45:13-54
	android:configChanges
		ADDED from src\main\AndroidManifest.xml:44:13-74
	android:name
		ADDED from src\main\AndroidManifest.xml:43:13-44
activity#com.app.drylining.custom.CustomWebView
ADDED from src\main\AndroidManifest.xml:46:9-48:77
	android:configChanges
		ADDED from src\main\AndroidManifest.xml:48:13-74
	android:name
		ADDED from src\main\AndroidManifest.xml:47:13-49
activity#com.app.drylining.ui.ForgotPasswordActivity
ADDED from src\main\AndroidManifest.xml:49:9-52:57
	android:windowSoftInputMode
		ADDED from src\main\AndroidManifest.xml:52:13-54
	android:configChanges
		ADDED from src\main\AndroidManifest.xml:51:13-74
	android:name
		ADDED from src\main\AndroidManifest.xml:50:13-54
activity#com.app.drylining.ui.ForgotPassword
ADDED from src\main\AndroidManifest.xml:54:9-57:57
	android:windowSoftInputMode
		ADDED from src\main\AndroidManifest.xml:57:13-54
	android:configChanges
		ADDED from src\main\AndroidManifest.xml:56:13-74
	android:name
		ADDED from src\main\AndroidManifest.xml:55:13-46
activity#com.app.drylining.ui.ChangePasswordActivity
ADDED from src\main\AndroidManifest.xml:58:9-73:20
	android:windowSoftInputMode
		ADDED from src\main\AndroidManifest.xml:61:13-54
	android:configChanges
		ADDED from src\main\AndroidManifest.xml:60:13-74
	android:name
		ADDED from src\main\AndroidManifest.xml:59:13-54
intent-filter#action:name:android.intent.action.VIEW+category:name:android.intent.category.BROWSABLE+category:name:android.intent.category.DEFAULT+data:host:drylining.com+data:pathPrefix:/testing+data:scheme:http
ADDED from src\main\AndroidManifest.xml:62:13-72:29
	android:autoVerify
		ADDED from src\main\AndroidManifest.xml:62:28-53
action#android.intent.action.VIEW
ADDED from src\main\AndroidManifest.xml:63:17-69
	android:name
		ADDED from src\main\AndroidManifest.xml:63:25-66
category#android.intent.category.DEFAULT
ADDED from src\main\AndroidManifest.xml:65:17-76
	android:name
		ADDED from src\main\AndroidManifest.xml:65:27-73
category#android.intent.category.BROWSABLE
ADDED from src\main\AndroidManifest.xml:66:17-78
	android:name
		ADDED from src\main\AndroidManifest.xml:66:27-75
data
ADDED from src\main\AndroidManifest.xml:68:17-71:45
	android:host
		ADDED from src\main\AndroidManifest.xml:69:21-49
	android:scheme
		ADDED from src\main\AndroidManifest.xml:71:21-42
	android:pathPrefix
		ADDED from src\main\AndroidManifest.xml:70:21-50
activity#com.app.drylining.ui.SearchedOffersActivity
ADDED from src\main\AndroidManifest.xml:74:9-76:77
	android:configChanges
		ADDED from src\main\AndroidManifest.xml:76:13-74
	android:name
		ADDED from src\main\AndroidManifest.xml:75:13-54
activity#com.app.drylining.ui.SearchedResultActivity
ADDED from src\main\AndroidManifest.xml:77:9-79:77
	android:configChanges
		ADDED from src\main\AndroidManifest.xml:79:13-74
	android:name
		ADDED from src\main\AndroidManifest.xml:78:13-54
activity#com.app.drylining.ui.AddedOffersActivity
ADDED from src\main\AndroidManifest.xml:80:9-83:57
	android:windowSoftInputMode
		ADDED from src\main\AndroidManifest.xml:83:13-54
	android:configChanges
		ADDED from src\main\AndroidManifest.xml:82:13-74
	android:name
		ADDED from src\main\AndroidManifest.xml:81:13-51
activity#com.app.drylining.ui.SearchedOfferDetailActivity
ADDED from src\main\AndroidManifest.xml:84:9-86:77
	android:configChanges
		ADDED from src\main\AndroidManifest.xml:86:13-74
	android:name
		ADDED from src\main\AndroidManifest.xml:85:13-59
activity#com.app.drylining.ui.AddedOfferDetailActivity
ADDED from src\main\AndroidManifest.xml:87:9-89:77
	android:configChanges
		ADDED from src\main\AndroidManifest.xml:89:13-74
	android:name
		ADDED from src\main\AndroidManifest.xml:88:13-56
activity#com.app.drylining.ui.MapActivity
ADDED from src\main\AndroidManifest.xml:90:9-92:77
	android:configChanges
		ADDED from src\main\AndroidManifest.xml:92:13-74
	android:name
		ADDED from src\main\AndroidManifest.xml:91:13-43
activity#com.app.drylining.ui.AddNewOfferActivity
ADDED from src\main\AndroidManifest.xml:93:9-96:57
	android:windowSoftInputMode
		ADDED from src\main\AndroidManifest.xml:96:13-54
	android:configChanges
		ADDED from src\main\AndroidManifest.xml:95:13-74
	android:name
		ADDED from src\main\AndroidManifest.xml:94:13-51
activity#com.app.drylining.ui.SearchNewOfferActivity
ADDED from src\main\AndroidManifest.xml:97:9-99:77
	android:configChanges
		ADDED from src\main\AndroidManifest.xml:99:13-74
	android:name
		ADDED from src\main\AndroidManifest.xml:98:13-54
activity#com.app.drylining.ui.OtpVerificationActivity
ADDED from src\main\AndroidManifest.xml:100:9-104:47
	android:label
		ADDED from src\main\AndroidManifest.xml:103:13-68
	android:configChanges
		ADDED from src\main\AndroidManifest.xml:102:13-74
	android:theme
		ADDED from src\main\AndroidManifest.xml:104:13-44
	android:name
		ADDED from src\main\AndroidManifest.xml:101:13-55
activity#com.app.drylining.ui.EditPropertyActivity
ADDED from src\main\AndroidManifest.xml:105:9-107:77
	android:configChanges
		ADDED from src\main\AndroidManifest.xml:107:13-74
	android:name
		ADDED from src\main\AndroidManifest.xml:106:13-52
activity#com.app.drylining.ui.ActivityModifyOffer
ADDED from src\main\AndroidManifest.xml:108:9-111:57
	android:windowSoftInputMode
		ADDED from src\main\AndroidManifest.xml:111:13-54
	android:configChanges
		ADDED from src\main\AndroidManifest.xml:110:13-74
	android:name
		ADDED from src\main\AndroidManifest.xml:109:13-51
activity#com.app.drylining.ui.MultiPhotoSelectActivity
ADDED from src\main\AndroidManifest.xml:112:9-114:77
	android:configChanges
		ADDED from src\main\AndroidManifest.xml:114:13-74
	android:name
		ADDED from src\main\AndroidManifest.xml:113:13-56
activity#com.app.drylining.ui.NoInternetMessage
ADDED from src\main\AndroidManifest.xml:115:9-119:64
	android:label
		ADDED from src\main\AndroidManifest.xml:118:13-57
	android:configChanges
		ADDED from src\main\AndroidManifest.xml:117:13-74
	android:theme
		ADDED from src\main\AndroidManifest.xml:119:13-61
	android:name
		ADDED from src\main\AndroidManifest.xml:116:13-49
activity#com.app.drylining.ui.ActivityNewQuestion
ADDED from src\main\AndroidManifest.xml:120:9-122:77
	android:configChanges
		ADDED from src\main\AndroidManifest.xml:122:13-74
	android:name
		ADDED from src\main\AndroidManifest.xml:121:13-51
activity#com.app.drylining.ui.ActivityConversationsLessee
ADDED from src\main\AndroidManifest.xml:123:9-125:77
	android:configChanges
		ADDED from src\main\AndroidManifest.xml:125:13-74
	android:name
		ADDED from src\main\AndroidManifest.xml:124:13-59
activity#com.app.drylining.ui.ActivityConversationsRenter
ADDED from src\main\AndroidManifest.xml:126:9-128:77
	android:configChanges
		ADDED from src\main\AndroidManifest.xml:128:13-74
	android:name
		ADDED from src\main\AndroidManifest.xml:127:13-59
activity#com.app.drylining.ui.ActivityRemoveOffer
ADDED from src\main\AndroidManifest.xml:129:9-132:86
	android:configChanges
		ADDED from src\main\AndroidManifest.xml:131:13-74
	android:theme
		ADDED from src\main\AndroidManifest.xml:132:13-83
	android:name
		ADDED from src\main\AndroidManifest.xml:130:13-51
activity#com.app.drylining.ui.ActivityNotifications
ADDED from src\main\AndroidManifest.xml:133:9-135:77
	android:configChanges
		ADDED from src\main\AndroidManifest.xml:135:13-74
	android:name
		ADDED from src\main\AndroidManifest.xml:134:13-53
activity#com.app.drylining.ui.ActivityFavoriteOffers
ADDED from src\main\AndroidManifest.xml:136:9-138:77
	android:configChanges
		ADDED from src\main\AndroidManifest.xml:138:13-74
	android:name
		ADDED from src\main\AndroidManifest.xml:137:13-54
activity#com.app.drylining.ui.ActivityMyAccount
ADDED from src\main\AndroidManifest.xml:139:9-141:77
	android:configChanges
		ADDED from src\main\AndroidManifest.xml:141:13-74
	android:name
		ADDED from src\main\AndroidManifest.xml:140:13-49
activity#com.app.drylining.ui.ActivityNotifySettings
ADDED from src\main\AndroidManifest.xml:142:9-144:77
	android:configChanges
		ADDED from src\main\AndroidManifest.xml:144:13-74
	android:name
		ADDED from src\main\AndroidManifest.xml:143:13-54
service#com.app.drylining.fcm.MyFcmListenerService
ADDED from src\main\AndroidManifest.xml:145:9-149:19
	android:name
		ADDED from src\main\AndroidManifest.xml:145:18-58
intent-filter#action:name:com.google.firebase.MESSAGING_EVENT
ADDED from src\main\AndroidManifest.xml:146:13-148:29
action#com.google.firebase.MESSAGING_EVENT
ADDED from src\main\AndroidManifest.xml:147:17-78
	android:name
		ADDED from src\main\AndroidManifest.xml:147:25-75
service#com.app.drylining.fcm.MyInstanceIDListenerService
ADDED from src\main\AndroidManifest.xml:150:9-154:19
	android:name
		ADDED from src\main\AndroidManifest.xml:150:18-65
intent-filter#action:name:com.google.firebase.INSTANCE_ID_EVENT
ADDED from src\main\AndroidManifest.xml:151:13-153:29
action#com.google.firebase.INSTANCE_ID_EVENT
ADDED from src\main\AndroidManifest.xml:152:17-80
	android:name
		ADDED from src\main\AndroidManifest.xml:152:25-77
meta-data#com.google.firebase.messaging.default_notification_icon
ADDED from src\main\AndroidManifest.xml:155:9-157:57
	android:resource